<?xml version="1.0" encoding="UTF-8" ?>
<testsuite tests="22" failures="0" name="runner.RunCukesTest" time="0.013" errors="0" skipped="0">
  <properties>
    <property name="java.runtime.name" value="Java(TM) SE Runtime Environment"/>
    <property name="sun.boot.library.path" value="C:\Program Files\Java\jdk1.8.0_271\jre\bin"/>
    <property name="java.vm.version" value="25.271-b09"/>
    <property name="java.vm.vendor" value="Oracle Corporation"/>
    <property name="maven.multiModuleProjectDirectory" value="D:\Challenges\Challenge\challengeCrowdAr"/>
    <property name="java.vendor.url" value="http://java.oracle.com/"/>
    <property name="path.separator" value=";"/>
    <property name="guice.disable.misplaced.annotation.check" value="true"/>
    <property name="java.vm.name" value="Java HotSpot(TM) 64-Bit Server VM"/>
    <property name="file.encoding.pkg" value="sun.io"/>
    <property name="user.script" value=""/>
    <property name="user.country" value="EC"/>
    <property name="sun.java.launcher" value="SUN_STANDARD"/>
    <property name="sun.os.patch.level" value=""/>
    <property name="java.vm.specification.name" value="Java Virtual Machine Specification"/>
    <property name="user.dir" value="D:\Challenges\Challenge\challengeCrowdAr"/>
    <property name="java.runtime.version" value="1.8.0_271-b09"/>
    <property name="java.awt.graphicsenv" value="sun.awt.Win32GraphicsEnvironment"/>
    <property name="java.endorsed.dirs" value="C:\Program Files\Java\jdk1.8.0_271\jre\lib\endorsed"/>
    <property name="os.arch" value="amd64"/>
    <property name="java.io.tmpdir" value="C:\Users\Inforsys\AppData\Local\Temp\"/>
    <property name="line.separator" value="
"/>
    <property name="java.vm.specification.vendor" value="Oracle Corporation"/>
    <property name="user.variant" value=""/>
    <property name="os.name" value="Windows 10"/>
    <property name="classworlds.conf" value="C:\apache-maven-3.6.3\bin\..\bin\m2.conf"/>
    <property name="sun.jnu.encoding" value="Cp1252"/>
    <property name="java.library.path" value="C:\Program Files\Java\jdk1.8.0_271\bin;C:\WINDOWS\Sun\Java\bin;C:\WINDOWS\system32;C:\WINDOWS;C:\Python39\Scripts\;C:\Python39\;C:\WINDOWS\system32;C:\WINDOWS;C:\WINDOWS\System32\Wbem;C:\WINDOWS\System32\WindowsPowerShell\v1.0\;C:\WINDOWS\System32\OpenSSH\;C:\ProgramData\chocolatey\bin;C:\Program Files\Docker\Docker\resources\bin;C:\ProgramData\DockerDesktop\version-bin;C:\Program Files\Git\cmd;C:\Program Files\Git\mingw64\bin;C:\Program Files\Git\usr\bin;C:\Program Files\nodejs\;C:\Program Files\Java\jdk1.8.0_271\bin;C:\apache-maven-3.6.3\bin;C:\Program Files\PuTTY\;C:\Users\Inforsys\AppData\Local\Microsoft\WindowsApps;C:\Users\Inforsys\AppData\Roaming\npm;C:\Program Files\JetBrains\PyCharm Community Edition 2020.3.1\bin;;C:\Users\Inforsys\AppData\Local\GitHubDesktop\bin;C:\Users\Inforsys\AppData\Local\Programs\Microsoft VS Code\bin;;."/>
    <property name="maven.conf" value="C:\apache-maven-3.6.3\bin\../conf"/>
    <property name="java.specification.name" value="Java Platform API Specification"/>
    <property name="java.class.version" value="52.0"/>
    <property name="sun.management.compiler" value="HotSpot 64-Bit Tiered Compilers"/>
    <property name="os.version" value="10.0"/>
    <property name="library.jansi.path" value="C:\apache-maven-3.6.3\bin\..\lib\jansi-native"/>
    <property name="user.home" value="C:\Users\Inforsys"/>
    <property name="user.timezone" value="America/Bogota"/>
    <property name="java.awt.printerjob" value="sun.awt.windows.WPrinterJob"/>
    <property name="java.specification.version" value="1.8"/>
    <property name="file.encoding" value="Cp1252"/>
    <property name="user.name" value="Inforsys"/>
    <property name="java.class.path" value="C:\apache-maven-3.6.3\bin\..\boot\plexus-classworlds-2.6.0.jar"/>
    <property name="java.vm.specification.version" value="1.8"/>
    <property name="sun.arch.data.model" value="64"/>
    <property name="java.home" value="C:\Program Files\Java\jdk1.8.0_271\jre"/>
    <property name="sun.java.command" value="org.codehaus.plexus.classworlds.launcher.Launcher test"/>
    <property name="java.specification.vendor" value="Oracle Corporation"/>
    <property name="user.language" value="es"/>
    <property name="awt.toolkit" value="sun.awt.windows.WToolkit"/>
    <property name="java.vm.info" value="mixed mode"/>
    <property name="java.version" value="1.8.0_271"/>
    <property name="java.ext.dirs" value="C:\Program Files\Java\jdk1.8.0_271\jre\lib\ext;C:\WINDOWS\Sun\Java\lib\ext"/>
    <property name="sun.boot.class.path" value="C:\Program Files\Java\jdk1.8.0_271\jre\lib\resources.jar;C:\Program Files\Java\jdk1.8.0_271\jre\lib\rt.jar;C:\Program Files\Java\jdk1.8.0_271\jre\lib\sunrsasign.jar;C:\Program Files\Java\jdk1.8.0_271\jre\lib\jsse.jar;C:\Program Files\Java\jdk1.8.0_271\jre\lib\jce.jar;C:\Program Files\Java\jdk1.8.0_271\jre\lib\charsets.jar;C:\Program Files\Java\jdk1.8.0_271\jre\lib\jfr.jar;C:\Program Files\Java\jdk1.8.0_271\jre\classes"/>
    <property name="sun.stderr.encoding" value="cp850"/>
    <property name="java.vendor" value="Oracle Corporation"/>
    <property name="maven.home" value="C:\apache-maven-3.6.3\bin\.."/>
    <property name="file.separator" value="\"/>
    <property name="java.vendor.url.bug" value="http://bugreport.sun.com/bugreport/"/>
    <property name="sun.cpu.endian" value="little"/>
    <property name="sun.io.unicode.encoding" value="UnicodeLittle"/>
    <property name="sun.stdout.encoding" value="cp850"/>
    <property name="sun.desktop" value="windows"/>
    <property name="sun.cpu.isalist" value="amd64"/>
  </properties>
  <testcase classname="Scenario: Login with a valid credentials" name="Given a valid user on the login page of Saucedemo" time="0.003"/>
  <testcase classname="Scenario: Login with a valid credentials" name="When the user fill out required fields" time="0.001"/>
  <testcase classname="Scenario: Login with a valid credentials" name="And the user press login" time="0"/>
  <testcase classname="Scenario: Login with a valid credentials" name="Then the user can see the products page" time="0"/>
  <testcase classname="Scenario: Login with a valid credentials" name="Scenario: Login with a valid credentials" time="0.001"/>
  <testcase classname="Scenario: Login with a invalid credentials" name="Given a invalid crentials try login to Saucedemo" time="0"/>
  <testcase classname="Scenario: Login with a invalid credentials" name="When the user fill out required fields" time="0"/>
  <testcase classname="Scenario: Login with a invalid credentials" name="And the user press login" time="0"/>
  <testcase classname="Scenario: Login with a invalid credentials" name="Then the user can see the alert of error" time="0"/>
  <testcase classname="Scenario: Login with a invalid credentials" name="Scenario: Login with a invalid credentials" time="0.006"/>
  <testcase classname="Scenario: Login with a bloked user" name="Given a bloked user to login" time="0"/>
  <testcase classname="Scenario: Login with a bloked user" name="When the user fill out required fields" time="0"/>
  <testcase classname="Scenario: Login with a bloked user" name="And the user press login" time="0"/>
  <testcase classname="Scenario: Login with a bloked user" name="Then the user can see the alert of blocked user" time="0"/>
  <testcase classname="Scenario: Login with a bloked user" name="Scenario: Login with a bloked user" time="0"/>
  <testcase classname="Scenario: Buy a product successfully" name="Given a valid user on the login page of Saucedemo" time="0.001"/>
  <testcase classname="Scenario: Buy a product successfully" name="When the user fill out required fields" time="0"/>
  <testcase classname="Scenario: Buy a product successfully" name="And the user press login" time="0"/>
  <testcase classname="Scenario: Buy a product successfully" name="And the user add a product to cart and press checkout" time="0"/>
  <testcase classname="Scenario: Buy a product successfully" name="And the user fill out the form and press finish" time="0"/>
  <testcase classname="Scenario: Buy a product successfully" name="Then the user can see the message of successfully checkout" time="0"/>
  <testcase classname="Scenario: Buy a product successfully" name="Scenario: Buy a product successfully" time="0.001"/>
</testsuite>